<?xml version="1.0" encoding="UTF-8"?>
<testsuite xmlns:xsi="http://www.w3.org/2001/XMLSchema-instance" xsi:noNamespaceSchemaLocation="https://maven.apache.org/surefire/maven-surefire-plugin/xsd/surefire-test-report-3.0.xsd" version="3.0" name="scr.StudentModeEmailTest" time="0.038" tests="7" errors="0" skipped="0" failures="0">
  <properties>
[...]
</properties>
  <testcase name="testFullNameFromFile" classname="scr.StudentModeEmailTest" time="0.019"/>
  <testcase name="testEmailFromFile" classname="scr.StudentModeEmailTest" time="0.002"/>
  <testcase name="testEmail" classname="scr.StudentModeEmailTest" time="0.001"/>
  <testcase name="testSourceFromFile" classname="scr.StudentModeEmailTest" time="0.001"/>
  <testcase name="testRunQuiz5Questions" classname="scr.StudentModeEmailTest" time="0.002">
    <system-out><![CDATA[
Питання 1: Яке з чисел є парним?
1. 17
2. 21
3. 42
4. 55
Ваш вибір (1-4): 
Питання 2: Який кут має прямий кут?
1. 45°
2. 60°
3. 90°
4. 180°
Ваш вибір (1-4): 
Питання 3: Яке число є простим?
1. 21
2. 29
3. 39
4. 49
Ваш вибір (1-4): 
Питання 4: Чому дорівнює корінь з 144?
1. 10
2. 11
3. 12
4. 14
Ваш вибір (1-4): 
Питання 5: Яка формула площі кола?
1. 2πr
2. πr²
3. πd
4. r²
Ваш вибір (1-4): ]]></system-out>
  </testcase>
  <testcase name="testSource" classname="scr.StudentModeEmailTest" time="0.001"/>
  <testcase name="testFullName" classname="scr.StudentModeEmailTest" time="0.0"/>
</testsuite>